running egg_info
writing ../../build/tcc/tcc.egg-info/PKG-INFO
writing dependency_links to ../../build/tcc/tcc.egg-info/dependency_links.txt
writing entry points to ../../build/tcc/tcc.egg-info/entry_points.txt
writing requirements to ../../build/tcc/tcc.egg-info/requires.txt
writing top-level names to ../../build/tcc/tcc.egg-info/top_level.txt
reading manifest file '../../build/tcc/tcc.egg-info/SOURCES.txt'
writing manifest file '../../build/tcc/tcc.egg-info/SOURCES.txt'
running build
running build_py
running install
running install_lib
byte-compiling /home/lucas/Documents/GitHub/TCC-robo-limpeza-de-linha/ws_tcc/install/tcc/lib/python3.10/site-packages/tcc/__init__.py to __init__.cpython-310.pyc
running install_data
running install_egg_info
removing '/home/lucas/Documents/GitHub/TCC-robo-limpeza-de-linha/ws_tcc/install/tcc/lib/python3.10/site-packages/tcc-0.0.0-py3.10.egg-info' (and everything under it)
Copying ../../build/tcc/tcc.egg-info to /home/lucas/Documents/GitHub/TCC-robo-limpeza-de-linha/ws_tcc/install/tcc/lib/python3.10/site-packages/tcc-0.0.0-py3.10.egg-info
running install_scripts
Installing checkpoints script to /home/lucas/Documents/GitHub/TCC-robo-limpeza-de-linha/ws_tcc/install/tcc/lib/tcc
Installing no_com_classe script to /home/lucas/Documents/GitHub/TCC-robo-limpeza-de-linha/ws_tcc/install/tcc/lib/tcc
Installing no_simples script to /home/lucas/Documents/GitHub/TCC-robo-limpeza-de-linha/ws_tcc/install/tcc/lib/tcc
Installing r2d2 script to /home/lucas/Documents/GitHub/TCC-robo-limpeza-de-linha/ws_tcc/install/tcc/lib/tcc
writing list of installed files to '/home/lucas/Documents/GitHub/TCC-robo-limpeza-de-linha/ws_tcc/build/tcc/install.log'
