[0.353s] Invoking command in '/home/lucas/ws_tcc/src/tcc': PYTHONPATH=/home/lucas/ws_tcc/build/tcc/prefix_override:/usr/lib/python3/dist-packages/colcon_core/task/python/colcon_distutils_commands:/home/lucas/ws_tcc/install/tcc/lib/python3.10/site-packages:${PYTHONPATH} /usr/bin/python3 -W ignore:setup.py install is deprecated -W ignore:easy_install command is deprecated setup.py egg_info --egg-base ../../build/tcc build --build-base /home/lucas/ws_tcc/build/tcc/build install --record /home/lucas/ws_tcc/build/tcc/install.log --single-version-externally-managed install_data
[0.470s] running egg_info
[0.470s] creating ../../build/tcc/tcc.egg-info
[0.470s] writing ../../build/tcc/tcc.egg-info/PKG-INFO
[0.471s] writing dependency_links to ../../build/tcc/tcc.egg-info/dependency_links.txt
[0.471s] writing entry points to ../../build/tcc/tcc.egg-info/entry_points.txt
[0.471s] writing requirements to ../../build/tcc/tcc.egg-info/requires.txt
[0.471s] writing top-level names to ../../build/tcc/tcc.egg-info/top_level.txt
[0.471s] writing manifest file '../../build/tcc/tcc.egg-info/SOURCES.txt'
[0.473s] reading manifest file '../../build/tcc/tcc.egg-info/SOURCES.txt'
[0.473s] writing manifest file '../../build/tcc/tcc.egg-info/SOURCES.txt'
[0.473s] running build
[0.473s] running build_py
[0.473s] creating /home/lucas/ws_tcc/build/tcc/build
[0.473s] creating /home/lucas/ws_tcc/build/tcc/build/lib
[0.473s] creating /home/lucas/ws_tcc/build/tcc/build/lib/tcc
[0.473s] copying tcc/__init__.py -> /home/lucas/ws_tcc/build/tcc/build/lib/tcc
[0.474s] running install
[0.474s] running install_lib
[0.474s] creating /home/lucas/ws_tcc/install/tcc/lib/python3.10/site-packages/tcc
[0.474s] copying /home/lucas/ws_tcc/build/tcc/build/lib/tcc/__init__.py -> /home/lucas/ws_tcc/install/tcc/lib/python3.10/site-packages/tcc
[0.474s] byte-compiling /home/lucas/ws_tcc/install/tcc/lib/python3.10/site-packages/tcc/__init__.py to __init__.cpython-310.pyc
[0.475s] running install_data
[0.475s] creating /home/lucas/ws_tcc/install/tcc/share/ament_index
[0.475s] creating /home/lucas/ws_tcc/install/tcc/share/ament_index/resource_index
[0.476s] creating /home/lucas/ws_tcc/install/tcc/share/ament_index/resource_index/packages
[0.476s] copying resource/tcc -> /home/lucas/ws_tcc/install/tcc/share/ament_index/resource_index/packages
[0.476s] copying package.xml -> /home/lucas/ws_tcc/install/tcc/share/tcc
[0.476s] creating /home/lucas/ws_tcc/install/tcc/share/tcc/config
[0.476s] copying config/Default.perspective -> /home/lucas/ws_tcc/install/tcc/share/tcc/config/
[0.476s] creating /home/lucas/ws_tcc/install/tcc/share/tcc/config/map
[0.476s] copying config/map/checkpoints.json -> /home/lucas/ws_tcc/install/tcc/share/tcc/config/map
[0.476s] copying config/map/map.yaml -> /home/lucas/ws_tcc/install/tcc/share/tcc/config/map
[0.477s] copying config/map/map.pgm -> /home/lucas/ws_tcc/install/tcc/share/tcc/config/map
[0.478s] creating /home/lucas/ws_tcc/install/tcc/share/tcc/config/nav
[0.478s] copying config/nav/ekf.yaml -> /home/lucas/ws_tcc/install/tcc/share/tcc/config/nav
[0.478s] copying config/nav/nav2_params.yaml -> /home/lucas/ws_tcc/install/tcc/share/tcc/config/nav
[0.479s] copying config/nav/cartographer.lua -> /home/lucas/ws_tcc/install/tcc/share/tcc/config/nav
[0.479s] copying config/nav/slam_toolbox.yaml -> /home/lucas/ws_tcc/install/tcc/share/tcc/config/nav
[0.479s] creating /home/lucas/ws_tcc/install/tcc/share/tcc/config/rviz
[0.479s] copying config/rviz/mapping_cartographer.rviz -> /home/lucas/ws_tcc/install/tcc/share/tcc/config/rviz
[0.480s] copying config/rviz/mapping_slam_toolbox.rviz -> /home/lucas/ws_tcc/install/tcc/share/tcc/config/rviz
[0.481s] copying config/rviz/robot.rviz -> /home/lucas/ws_tcc/install/tcc/share/tcc/config/rviz
[0.481s] copying config/rviz/navigation.rviz -> /home/lucas/ws_tcc/install/tcc/share/tcc/config/rviz
[0.482s] creating /home/lucas/ws_tcc/install/tcc/share/tcc/launch
[0.482s] copying launch/simulation.launch.py -> /home/lucas/ws_tcc/install/tcc/share/tcc/launch/
[0.482s] copying launch/navigation.launch.py -> /home/lucas/ws_tcc/install/tcc/share/tcc/launch/
[0.483s] copying launch/load.launch.py -> /home/lucas/ws_tcc/install/tcc/share/tcc/launch/
[0.483s] copying launch/mapping_cartographer.launch.py -> /home/lucas/ws_tcc/install/tcc/share/tcc/launch/
[0.484s] creating /home/lucas/ws_tcc/install/tcc/share/tcc/simulation
[0.484s] creating /home/lucas/ws_tcc/install/tcc/share/tcc/simulation/worlds
[0.484s] copying simulation/worlds/simple_room.world -> /home/lucas/ws_tcc/install/tcc/share/tcc/simulation/worlds
[0.484s] copying simulation/worlds/simple_room_with_fixed_boxes.world -> /home/lucas/ws_tcc/install/tcc/share/tcc/simulation/worlds
[0.485s] copying simulation/worlds/empty.world -> /home/lucas/ws_tcc/install/tcc/share/tcc/simulation/worlds
[0.485s] copying simulation/worlds/linha.world -> /home/lucas/ws_tcc/install/tcc/share/tcc/simulation/worlds
[0.486s] copying simulation/worlds/simple_room_with_random_boxes.world -> /home/lucas/ws_tcc/install/tcc/share/tcc/simulation/worlds
[0.487s] creating /home/lucas/ws_tcc/install/tcc/share/tcc/simulation/models
[0.487s] copying simulation/models/model.config -> /home/lucas/ws_tcc/install/tcc/share/tcc/simulation/models
[0.488s] copying simulation/models/model.sdf -> /home/lucas/ws_tcc/install/tcc/share/tcc/simulation/models
[0.489s] creating /home/lucas/ws_tcc/install/tcc/share/tcc/simulation/models/r2d2
[0.489s] copying simulation/models/r2d2/model.config -> /home/lucas/ws_tcc/install/tcc/share/tcc/simulation/models/r2d2
[0.489s] copying simulation/models/r2d2/model.sdf -> /home/lucas/ws_tcc/install/tcc/share/tcc/simulation/models/r2d2
[0.489s] creating /home/lucas/ws_tcc/install/tcc/share/tcc/simulation/models/simple_room
[0.489s] copying simulation/models/simple_room/model.config -> /home/lucas/ws_tcc/install/tcc/share/tcc/simulation/models/simple_room
[0.491s] copying simulation/models/simple_room/model.sdf -> /home/lucas/ws_tcc/install/tcc/share/tcc/simulation/models/simple_room
[0.491s] creating /home/lucas/ws_tcc/install/tcc/share/tcc/simulation/models/wood_square
[0.491s] copying simulation/models/wood_square/model.config -> /home/lucas/ws_tcc/install/tcc/share/tcc/simulation/models/wood_square
[0.491s] copying simulation/models/wood_square/model.sdf -> /home/lucas/ws_tcc/install/tcc/share/tcc/simulation/models/wood_square
[0.492s] creating /home/lucas/ws_tcc/install/tcc/share/tcc/simulation/models/box
[0.492s] copying simulation/models/box/model.config -> /home/lucas/ws_tcc/install/tcc/share/tcc/simulation/models/box
[0.493s] copying simulation/models/box/model.sdf -> /home/lucas/ws_tcc/install/tcc/share/tcc/simulation/models/box
[0.493s] creating /home/lucas/ws_tcc/install/tcc/share/tcc/urdf
[0.493s] copying urdf/robot.urdf -> /home/lucas/ws_tcc/install/tcc/share/tcc/urdf/
[0.493s] copying urdf/reserva.urdf -> /home/lucas/ws_tcc/install/tcc/share/tcc/urdf/
[0.495s] copying urdf/robot.urdf.xacro -> /home/lucas/ws_tcc/install/tcc/share/tcc/urdf/
[0.495s] creating /home/lucas/ws_tcc/install/tcc/share/tcc/urdf/macros
[0.495s] copying urdf/macros/properties.urdf.xacro -> /home/lucas/ws_tcc/install/tcc/share/tcc/urdf/macros
[0.496s] copying urdf/macros/link_geometry.urdf.xacro -> /home/lucas/ws_tcc/install/tcc/share/tcc/urdf/macros
[0.496s] creating /home/lucas/ws_tcc/install/tcc/share/tcc/urdf/macros/parts
[0.496s] copying urdf/macros/parts/wheel.urdf.xacro -> /home/lucas/ws_tcc/install/tcc/share/tcc/urdf/macros/parts
[0.497s] copying urdf/macros/parts/base.urdf.xacro -> /home/lucas/ws_tcc/install/tcc/share/tcc/urdf/macros/parts
[0.497s] creating /home/lucas/ws_tcc/install/tcc/share/tcc/urdf/simulation
[0.497s] copying urdf/simulation/imu.urdf.xacro -> /home/lucas/ws_tcc/install/tcc/share/tcc/urdf/simulation
[0.498s] copying urdf/simulation/gazebo_base.urdf.xacro -> /home/lucas/ws_tcc/install/tcc/share/tcc/urdf/simulation
[0.498s] copying urdf/simulation/gazebo_camera.urdf.xacro -> /home/lucas/ws_tcc/install/tcc/share/tcc/urdf/simulation
[0.499s] copying urdf/simulation/gazebo_laser.urdf.xacro -> /home/lucas/ws_tcc/install/tcc/share/tcc/urdf/simulation
[0.499s] running install_egg_info
[0.501s] Copying ../../build/tcc/tcc.egg-info to /home/lucas/ws_tcc/install/tcc/lib/python3.10/site-packages/tcc-0.0.0-py3.10.egg-info
[0.501s] running install_scripts
[0.514s] Installing checkpoints script to /home/lucas/ws_tcc/install/tcc/lib/tcc
[0.514s] Installing no_com_classe script to /home/lucas/ws_tcc/install/tcc/lib/tcc
[0.514s] Installing no_simples script to /home/lucas/ws_tcc/install/tcc/lib/tcc
[0.514s] Installing r2d2 script to /home/lucas/ws_tcc/install/tcc/lib/tcc
[0.514s] writing list of installed files to '/home/lucas/ws_tcc/build/tcc/install.log'
[0.527s] Invoked command in '/home/lucas/ws_tcc/src/tcc' returned '0': PYTHONPATH=/home/lucas/ws_tcc/build/tcc/prefix_override:/usr/lib/python3/dist-packages/colcon_core/task/python/colcon_distutils_commands:/home/lucas/ws_tcc/install/tcc/lib/python3.10/site-packages:${PYTHONPATH} /usr/bin/python3 -W ignore:setup.py install is deprecated -W ignore:easy_install command is deprecated setup.py egg_info --egg-base ../../build/tcc build --build-base /home/lucas/ws_tcc/build/tcc/build install --record /home/lucas/ws_tcc/build/tcc/install.log --single-version-externally-managed install_data
