[0.346s] Invoking command in '/home/lucas/Documents/GitHub/TCC-robo-limpeza-de-linha/ws_tcc/src/tcc': PYTHONPATH=/home/lucas/Documents/GitHub/TCC-robo-limpeza-de-linha/ws_tcc/build/tcc/prefix_override:/usr/lib/python3/dist-packages/colcon_core/task/python/colcon_distutils_commands:/home/lucas/Documents/GitHub/TCC-robo-limpeza-de-linha/ws_tcc/install/tcc/lib/python3.10/site-packages:${PYTHONPATH} /usr/bin/python3 -W ignore:setup.py install is deprecated -W ignore:easy_install command is deprecated setup.py egg_info --egg-base ../../build/tcc build --build-base /home/lucas/Documents/GitHub/TCC-robo-limpeza-de-linha/ws_tcc/build/tcc/build install --record /home/lucas/Documents/GitHub/TCC-robo-limpeza-de-linha/ws_tcc/build/tcc/install.log --single-version-externally-managed install_data
[0.477s] running egg_info
[0.477s] creating ../../build/tcc/tcc.egg-info
[0.477s] writing ../../build/tcc/tcc.egg-info/PKG-INFO
[0.477s] writing dependency_links to ../../build/tcc/tcc.egg-info/dependency_links.txt
[0.477s] writing entry points to ../../build/tcc/tcc.egg-info/entry_points.txt
[0.477s] writing requirements to ../../build/tcc/tcc.egg-info/requires.txt
[0.477s] writing top-level names to ../../build/tcc/tcc.egg-info/top_level.txt
[0.477s] writing manifest file '../../build/tcc/tcc.egg-info/SOURCES.txt'
[0.477s] reading manifest file '../../build/tcc/tcc.egg-info/SOURCES.txt'
[0.477s] writing manifest file '../../build/tcc/tcc.egg-info/SOURCES.txt'
[0.477s] running build
[0.477s] running build_py
[0.477s] creating /home/lucas/Documents/GitHub/TCC-robo-limpeza-de-linha/ws_tcc/build/tcc/build
[0.477s] creating /home/lucas/Documents/GitHub/TCC-robo-limpeza-de-linha/ws_tcc/build/tcc/build/lib
[0.477s] creating /home/lucas/Documents/GitHub/TCC-robo-limpeza-de-linha/ws_tcc/build/tcc/build/lib/tcc
[0.477s] copying tcc/__init__.py -> /home/lucas/Documents/GitHub/TCC-robo-limpeza-de-linha/ws_tcc/build/tcc/build/lib/tcc
[0.477s] copying tcc/checkpoints.py -> /home/lucas/Documents/GitHub/TCC-robo-limpeza-de-linha/ws_tcc/build/tcc/build/lib/tcc
[0.477s] running install
[0.477s] running install_lib
[0.477s] creating /home/lucas/Documents/GitHub/TCC-robo-limpeza-de-linha/ws_tcc/install/tcc/lib/python3.10/site-packages/tcc
[0.477s] copying /home/lucas/Documents/GitHub/TCC-robo-limpeza-de-linha/ws_tcc/build/tcc/build/lib/tcc/__init__.py -> /home/lucas/Documents/GitHub/TCC-robo-limpeza-de-linha/ws_tcc/install/tcc/lib/python3.10/site-packages/tcc
[0.477s] copying /home/lucas/Documents/GitHub/TCC-robo-limpeza-de-linha/ws_tcc/build/tcc/build/lib/tcc/checkpoints.py -> /home/lucas/Documents/GitHub/TCC-robo-limpeza-de-linha/ws_tcc/install/tcc/lib/python3.10/site-packages/tcc
[0.477s] byte-compiling /home/lucas/Documents/GitHub/TCC-robo-limpeza-de-linha/ws_tcc/install/tcc/lib/python3.10/site-packages/tcc/__init__.py to __init__.cpython-310.pyc
[0.477s] byte-compiling /home/lucas/Documents/GitHub/TCC-robo-limpeza-de-linha/ws_tcc/install/tcc/lib/python3.10/site-packages/tcc/checkpoints.py to checkpoints.cpython-310.pyc
[0.477s] running install_data
[0.483s] creating /home/lucas/Documents/GitHub/TCC-robo-limpeza-de-linha/ws_tcc/install/tcc/share/ament_index
[0.483s] creating /home/lucas/Documents/GitHub/TCC-robo-limpeza-de-linha/ws_tcc/install/tcc/share/ament_index/resource_index
[0.483s] creating /home/lucas/Documents/GitHub/TCC-robo-limpeza-de-linha/ws_tcc/install/tcc/share/ament_index/resource_index/packages
[0.483s] copying resource/tcc -> /home/lucas/Documents/GitHub/TCC-robo-limpeza-de-linha/ws_tcc/install/tcc/share/ament_index/resource_index/packages
[0.483s] copying package.xml -> /home/lucas/Documents/GitHub/TCC-robo-limpeza-de-linha/ws_tcc/install/tcc/share/tcc
[0.483s] creating /home/lucas/Documents/GitHub/TCC-robo-limpeza-de-linha/ws_tcc/install/tcc/share/tcc/config
[0.483s] copying config/Default.perspective -> /home/lucas/Documents/GitHub/TCC-robo-limpeza-de-linha/ws_tcc/install/tcc/share/tcc/config/
[0.483s] creating /home/lucas/Documents/GitHub/TCC-robo-limpeza-de-linha/ws_tcc/install/tcc/share/tcc/config/nav
[0.483s] copying config/nav/cartographer.lua -> /home/lucas/Documents/GitHub/TCC-robo-limpeza-de-linha/ws_tcc/install/tcc/share/tcc/config/nav
[0.483s] copying config/nav/nav2_params.yaml -> /home/lucas/Documents/GitHub/TCC-robo-limpeza-de-linha/ws_tcc/install/tcc/share/tcc/config/nav
[0.483s] copying config/nav/slam_toolbox.yaml -> /home/lucas/Documents/GitHub/TCC-robo-limpeza-de-linha/ws_tcc/install/tcc/share/tcc/config/nav
[0.483s] copying config/nav/ekf.yaml -> /home/lucas/Documents/GitHub/TCC-robo-limpeza-de-linha/ws_tcc/install/tcc/share/tcc/config/nav
[0.483s] creating /home/lucas/Documents/GitHub/TCC-robo-limpeza-de-linha/ws_tcc/install/tcc/share/tcc/config/map
[0.483s] copying config/map/map.yaml -> /home/lucas/Documents/GitHub/TCC-robo-limpeza-de-linha/ws_tcc/install/tcc/share/tcc/config/map
[0.483s] copying config/map/checkpoints.json -> /home/lucas/Documents/GitHub/TCC-robo-limpeza-de-linha/ws_tcc/install/tcc/share/tcc/config/map
[0.483s] copying config/map/map.pgm -> /home/lucas/Documents/GitHub/TCC-robo-limpeza-de-linha/ws_tcc/install/tcc/share/tcc/config/map
[0.488s] creating /home/lucas/Documents/GitHub/TCC-robo-limpeza-de-linha/ws_tcc/install/tcc/share/tcc/config/rviz
[0.488s] copying config/rviz/robot.rviz -> /home/lucas/Documents/GitHub/TCC-robo-limpeza-de-linha/ws_tcc/install/tcc/share/tcc/config/rviz
[0.493s] copying config/rviz/mapping_slam_toolbox.rviz -> /home/lucas/Documents/GitHub/TCC-robo-limpeza-de-linha/ws_tcc/install/tcc/share/tcc/config/rviz
[0.493s] copying config/rviz/mapping_cartographer.rviz -> /home/lucas/Documents/GitHub/TCC-robo-limpeza-de-linha/ws_tcc/install/tcc/share/tcc/config/rviz
[0.499s] copying config/rviz/navigation.rviz -> /home/lucas/Documents/GitHub/TCC-robo-limpeza-de-linha/ws_tcc/install/tcc/share/tcc/config/rviz
[0.499s] creating /home/lucas/Documents/GitHub/TCC-robo-limpeza-de-linha/ws_tcc/install/tcc/share/tcc/launch
[0.499s] copying launch/simulation.launch.py -> /home/lucas/Documents/GitHub/TCC-robo-limpeza-de-linha/ws_tcc/install/tcc/share/tcc/launch/
[0.499s] copying launch/load.launch.py -> /home/lucas/Documents/GitHub/TCC-robo-limpeza-de-linha/ws_tcc/install/tcc/share/tcc/launch/
[0.499s] copying launch/navigation.launch.py -> /home/lucas/Documents/GitHub/TCC-robo-limpeza-de-linha/ws_tcc/install/tcc/share/tcc/launch/
[0.499s] copying launch/mapping_cartographer.launch.py -> /home/lucas/Documents/GitHub/TCC-robo-limpeza-de-linha/ws_tcc/install/tcc/share/tcc/launch/
[0.499s] copying launch/checkpoints_to_follow.launch.py -> /home/lucas/Documents/GitHub/TCC-robo-limpeza-de-linha/ws_tcc/install/tcc/share/tcc/launch/
[0.499s] creating /home/lucas/Documents/GitHub/TCC-robo-limpeza-de-linha/ws_tcc/install/tcc/share/tcc/simulation
[0.499s] creating /home/lucas/Documents/GitHub/TCC-robo-limpeza-de-linha/ws_tcc/install/tcc/share/tcc/simulation/worlds
[0.499s] copying simulation/worlds/linha.world -> /home/lucas/Documents/GitHub/TCC-robo-limpeza-de-linha/ws_tcc/install/tcc/share/tcc/simulation/worlds
[0.499s] copying simulation/worlds/simple_room_with_random_boxes.world -> /home/lucas/Documents/GitHub/TCC-robo-limpeza-de-linha/ws_tcc/install/tcc/share/tcc/simulation/worlds
[0.499s] copying simulation/worlds/simple_room_with_fixed_boxes.world -> /home/lucas/Documents/GitHub/TCC-robo-limpeza-de-linha/ws_tcc/install/tcc/share/tcc/simulation/worlds
[0.504s] copying simulation/worlds/empty.world -> /home/lucas/Documents/GitHub/TCC-robo-limpeza-de-linha/ws_tcc/install/tcc/share/tcc/simulation/worlds
[0.504s] copying simulation/worlds/simple_room.world -> /home/lucas/Documents/GitHub/TCC-robo-limpeza-de-linha/ws_tcc/install/tcc/share/tcc/simulation/worlds
[0.504s] creating /home/lucas/Documents/GitHub/TCC-robo-limpeza-de-linha/ws_tcc/install/tcc/share/tcc/simulation/models
[0.504s] copying simulation/models/model.config -> /home/lucas/Documents/GitHub/TCC-robo-limpeza-de-linha/ws_tcc/install/tcc/share/tcc/simulation/models
[0.504s] copying simulation/models/model.sdf -> /home/lucas/Documents/GitHub/TCC-robo-limpeza-de-linha/ws_tcc/install/tcc/share/tcc/simulation/models
[0.504s] creating /home/lucas/Documents/GitHub/TCC-robo-limpeza-de-linha/ws_tcc/install/tcc/share/tcc/simulation/models/r2d2
[0.504s] copying simulation/models/r2d2/model.config -> /home/lucas/Documents/GitHub/TCC-robo-limpeza-de-linha/ws_tcc/install/tcc/share/tcc/simulation/models/r2d2
[0.504s] copying simulation/models/r2d2/model.sdf -> /home/lucas/Documents/GitHub/TCC-robo-limpeza-de-linha/ws_tcc/install/tcc/share/tcc/simulation/models/r2d2
[0.504s] creating /home/lucas/Documents/GitHub/TCC-robo-limpeza-de-linha/ws_tcc/install/tcc/share/tcc/simulation/models/box
[0.504s] copying simulation/models/box/model.config -> /home/lucas/Documents/GitHub/TCC-robo-limpeza-de-linha/ws_tcc/install/tcc/share/tcc/simulation/models/box
[0.504s] copying simulation/models/box/model.sdf -> /home/lucas/Documents/GitHub/TCC-robo-limpeza-de-linha/ws_tcc/install/tcc/share/tcc/simulation/models/box
[0.504s] creating /home/lucas/Documents/GitHub/TCC-robo-limpeza-de-linha/ws_tcc/install/tcc/share/tcc/simulation/models/simple_room
[0.504s] copying simulation/models/simple_room/model.config -> /home/lucas/Documents/GitHub/TCC-robo-limpeza-de-linha/ws_tcc/install/tcc/share/tcc/simulation/models/simple_room
[0.504s] copying simulation/models/simple_room/model.sdf -> /home/lucas/Documents/GitHub/TCC-robo-limpeza-de-linha/ws_tcc/install/tcc/share/tcc/simulation/models/simple_room
[0.504s] creating /home/lucas/Documents/GitHub/TCC-robo-limpeza-de-linha/ws_tcc/install/tcc/share/tcc/simulation/models/wood_square
[0.504s] copying simulation/models/wood_square/model.config -> /home/lucas/Documents/GitHub/TCC-robo-limpeza-de-linha/ws_tcc/install/tcc/share/tcc/simulation/models/wood_square
[0.504s] copying simulation/models/wood_square/model.sdf -> /home/lucas/Documents/GitHub/TCC-robo-limpeza-de-linha/ws_tcc/install/tcc/share/tcc/simulation/models/wood_square
[0.504s] creating /home/lucas/Documents/GitHub/TCC-robo-limpeza-de-linha/ws_tcc/install/tcc/share/tcc/urdf
[0.504s] copying urdf/robot.urdf -> /home/lucas/Documents/GitHub/TCC-robo-limpeza-de-linha/ws_tcc/install/tcc/share/tcc/urdf/
[0.504s] copying urdf/reserva.urdf -> /home/lucas/Documents/GitHub/TCC-robo-limpeza-de-linha/ws_tcc/install/tcc/share/tcc/urdf/
[0.504s] copying urdf/robot.urdf.xacro -> /home/lucas/Documents/GitHub/TCC-robo-limpeza-de-linha/ws_tcc/install/tcc/share/tcc/urdf/
[0.512s] creating /home/lucas/Documents/GitHub/TCC-robo-limpeza-de-linha/ws_tcc/install/tcc/share/tcc/urdf/macros
[0.512s] copying urdf/macros/link_geometry.urdf.xacro -> /home/lucas/Documents/GitHub/TCC-robo-limpeza-de-linha/ws_tcc/install/tcc/share/tcc/urdf/macros
[0.512s] copying urdf/macros/properties.urdf.xacro -> /home/lucas/Documents/GitHub/TCC-robo-limpeza-de-linha/ws_tcc/install/tcc/share/tcc/urdf/macros
[0.512s] creating /home/lucas/Documents/GitHub/TCC-robo-limpeza-de-linha/ws_tcc/install/tcc/share/tcc/urdf/macros/parts
[0.513s] copying urdf/macros/parts/wheel.urdf.xacro -> /home/lucas/Documents/GitHub/TCC-robo-limpeza-de-linha/ws_tcc/install/tcc/share/tcc/urdf/macros/parts
[0.513s] copying urdf/macros/parts/base.urdf.xacro -> /home/lucas/Documents/GitHub/TCC-robo-limpeza-de-linha/ws_tcc/install/tcc/share/tcc/urdf/macros/parts
[0.513s] creating /home/lucas/Documents/GitHub/TCC-robo-limpeza-de-linha/ws_tcc/install/tcc/share/tcc/urdf/simulation
[0.513s] copying urdf/simulation/gazebo_base.urdf.xacro -> /home/lucas/Documents/GitHub/TCC-robo-limpeza-de-linha/ws_tcc/install/tcc/share/tcc/urdf/simulation
[0.513s] copying urdf/simulation/gazebo_laser.urdf.xacro -> /home/lucas/Documents/GitHub/TCC-robo-limpeza-de-linha/ws_tcc/install/tcc/share/tcc/urdf/simulation
[0.513s] copying urdf/simulation/gazebo_camera.urdf.xacro -> /home/lucas/Documents/GitHub/TCC-robo-limpeza-de-linha/ws_tcc/install/tcc/share/tcc/urdf/simulation
[0.513s] copying urdf/simulation/imu.urdf.xacro -> /home/lucas/Documents/GitHub/TCC-robo-limpeza-de-linha/ws_tcc/install/tcc/share/tcc/urdf/simulation
[0.513s] running install_egg_info
[0.513s] Copying ../../build/tcc/tcc.egg-info to /home/lucas/Documents/GitHub/TCC-robo-limpeza-de-linha/ws_tcc/install/tcc/lib/python3.10/site-packages/tcc-0.0.0-py3.10.egg-info
[0.513s] running install_scripts
[0.528s] Installing checkpoints script to /home/lucas/Documents/GitHub/TCC-robo-limpeza-de-linha/ws_tcc/install/tcc/lib/tcc
[0.528s] Installing checkpoints_test script to /home/lucas/Documents/GitHub/TCC-robo-limpeza-de-linha/ws_tcc/install/tcc/lib/tcc
[0.528s] writing list of installed files to '/home/lucas/Documents/GitHub/TCC-robo-limpeza-de-linha/ws_tcc/build/tcc/install.log'
[0.534s] Invoked command in '/home/lucas/Documents/GitHub/TCC-robo-limpeza-de-linha/ws_tcc/src/tcc' returned '0': PYTHONPATH=/home/lucas/Documents/GitHub/TCC-robo-limpeza-de-linha/ws_tcc/build/tcc/prefix_override:/usr/lib/python3/dist-packages/colcon_core/task/python/colcon_distutils_commands:/home/lucas/Documents/GitHub/TCC-robo-limpeza-de-linha/ws_tcc/install/tcc/lib/python3.10/site-packages:${PYTHONPATH} /usr/bin/python3 -W ignore:setup.py install is deprecated -W ignore:easy_install command is deprecated setup.py egg_info --egg-base ../../build/tcc build --build-base /home/lucas/Documents/GitHub/TCC-robo-limpeza-de-linha/ws_tcc/build/tcc/build install --record /home/lucas/Documents/GitHub/TCC-robo-limpeza-de-linha/ws_tcc/build/tcc/install.log --single-version-externally-managed install_data
