[0.912s] Invoking command in '/home/lucas/Documents/GitHub/TCC-robo-limpeza-de-linha/ws_tcc/src/tcc': PYTHONPATH=/home/lucas/Documents/GitHub/TCC-robo-limpeza-de-linha/ws_tcc/build/tcc/prefix_override:/usr/lib/python3/dist-packages/colcon_core/task/python/colcon_distutils_commands:/home/lucas/Documents/GitHub/TCC-robo-limpeza-de-linha/ws_tcc/install/tcc/lib/python3.10/site-packages:${PYTHONPATH} /usr/bin/python3 -W ignore:setup.py install is deprecated -W ignore:easy_install command is deprecated setup.py egg_info --egg-base ../../build/tcc build --build-base /home/lucas/Documents/GitHub/TCC-robo-limpeza-de-linha/ws_tcc/build/tcc/build install --record /home/lucas/Documents/GitHub/TCC-robo-limpeza-de-linha/ws_tcc/build/tcc/install.log --single-version-externally-managed install_data
[1.272s] running egg_info
[1.275s] writing ../../build/tcc/tcc.egg-info/PKG-INFO
[1.280s] writing dependency_links to ../../build/tcc/tcc.egg-info/dependency_links.txt
[1.280s] writing entry points to ../../build/tcc/tcc.egg-info/entry_points.txt
[1.280s] writing requirements to ../../build/tcc/tcc.egg-info/requires.txt
[1.280s] writing top-level names to ../../build/tcc/tcc.egg-info/top_level.txt
[1.280s] reading manifest file '../../build/tcc/tcc.egg-info/SOURCES.txt'
[1.284s] writing manifest file '../../build/tcc/tcc.egg-info/SOURCES.txt'
[1.287s] running build
[1.287s] running build_py
[1.289s] copying tcc/checkpoints_to_follow.py -> /home/lucas/Documents/GitHub/TCC-robo-limpeza-de-linha/ws_tcc/build/tcc/build/lib/tcc
[1.289s] running install
[1.290s] running install_lib
[1.291s] copying /home/lucas/Documents/GitHub/TCC-robo-limpeza-de-linha/ws_tcc/build/tcc/build/lib/tcc/checkpoints_to_follow.py -> /home/lucas/Documents/GitHub/TCC-robo-limpeza-de-linha/ws_tcc/install/tcc/lib/python3.10/site-packages/tcc
[1.292s] byte-compiling /home/lucas/Documents/GitHub/TCC-robo-limpeza-de-linha/ws_tcc/install/tcc/lib/python3.10/site-packages/tcc/checkpoints_to_follow.py to checkpoints_to_follow.cpython-310.pyc
[1.295s] running install_data
[1.297s] running install_egg_info
[1.299s] removing '/home/lucas/Documents/GitHub/TCC-robo-limpeza-de-linha/ws_tcc/install/tcc/lib/python3.10/site-packages/tcc-0.0.0-py3.10.egg-info' (and everything under it)
[1.300s] Copying ../../build/tcc/tcc.egg-info to /home/lucas/Documents/GitHub/TCC-robo-limpeza-de-linha/ws_tcc/install/tcc/lib/python3.10/site-packages/tcc-0.0.0-py3.10.egg-info
[1.302s] running install_scripts
[1.328s] Installing checkpoints_to_follow script to /home/lucas/Documents/GitHub/TCC-robo-limpeza-de-linha/ws_tcc/install/tcc/lib/tcc
[1.328s] Installing set_initial_pose script to /home/lucas/Documents/GitHub/TCC-robo-limpeza-de-linha/ws_tcc/install/tcc/lib/tcc
[1.330s] writing list of installed files to '/home/lucas/Documents/GitHub/TCC-robo-limpeza-de-linha/ws_tcc/build/tcc/install.log'
[1.374s] Invoked command in '/home/lucas/Documents/GitHub/TCC-robo-limpeza-de-linha/ws_tcc/src/tcc' returned '0': PYTHONPATH=/home/lucas/Documents/GitHub/TCC-robo-limpeza-de-linha/ws_tcc/build/tcc/prefix_override:/usr/lib/python3/dist-packages/colcon_core/task/python/colcon_distutils_commands:/home/lucas/Documents/GitHub/TCC-robo-limpeza-de-linha/ws_tcc/install/tcc/lib/python3.10/site-packages:${PYTHONPATH} /usr/bin/python3 -W ignore:setup.py install is deprecated -W ignore:easy_install command is deprecated setup.py egg_info --egg-base ../../build/tcc build --build-base /home/lucas/Documents/GitHub/TCC-robo-limpeza-de-linha/ws_tcc/build/tcc/build install --record /home/lucas/Documents/GitHub/TCC-robo-limpeza-de-linha/ws_tcc/build/tcc/install.log --single-version-externally-managed install_data
