/home/lucas/ws_tcc/install/tcc/lib/python3.10/site-packages/tcc/__init__.py
/home/lucas/ws_tcc/install/tcc/lib/python3.10/site-packages/tcc/__pycache__/__init__.cpython-310.pyc
/home/lucas/ws_tcc/install/tcc/share/ament_index/resource_index/packages/tcc
/home/lucas/ws_tcc/install/tcc/share/tcc/package.xml
/home/lucas/ws_tcc/install/tcc/share/tcc/config/Default.perspective
/home/lucas/ws_tcc/install/tcc/share/tcc/config/map/checkpoints.json
/home/lucas/ws_tcc/install/tcc/share/tcc/config/map/map.yaml
/home/lucas/ws_tcc/install/tcc/share/tcc/config/map/map.pgm
/home/lucas/ws_tcc/install/tcc/share/tcc/config/nav/ekf.yaml
/home/lucas/ws_tcc/install/tcc/share/tcc/config/nav/nav2_params.yaml
/home/lucas/ws_tcc/install/tcc/share/tcc/config/nav/cartographer.lua
/home/lucas/ws_tcc/install/tcc/share/tcc/config/nav/slam_toolbox.yaml
/home/lucas/ws_tcc/install/tcc/share/tcc/config/rviz/mapping_cartographer.rviz
/home/lucas/ws_tcc/install/tcc/share/tcc/config/rviz/mapping_slam_toolbox.rviz
/home/lucas/ws_tcc/install/tcc/share/tcc/config/rviz/robot.rviz
/home/lucas/ws_tcc/install/tcc/share/tcc/config/rviz/navigation.rviz
/home/lucas/ws_tcc/install/tcc/share/tcc/launch/simulation.launch.py
/home/lucas/ws_tcc/install/tcc/share/tcc/launch/navigation.launch.py
/home/lucas/ws_tcc/install/tcc/share/tcc/launch/load.launch.py
/home/lucas/ws_tcc/install/tcc/share/tcc/launch/mapping_cartographer.launch.py
/home/lucas/ws_tcc/install/tcc/share/tcc/simulation/worlds/simple_room.world
/home/lucas/ws_tcc/install/tcc/share/tcc/simulation/worlds/simple_room_with_fixed_boxes.world
/home/lucas/ws_tcc/install/tcc/share/tcc/simulation/worlds/empty.world
/home/lucas/ws_tcc/install/tcc/share/tcc/simulation/worlds/linha.world
/home/lucas/ws_tcc/install/tcc/share/tcc/simulation/worlds/simple_room_with_random_boxes.world
/home/lucas/ws_tcc/install/tcc/share/tcc/simulation/models/model.config
/home/lucas/ws_tcc/install/tcc/share/tcc/simulation/models/model.sdf
/home/lucas/ws_tcc/install/tcc/share/tcc/simulation/models/r2d2/model.config
/home/lucas/ws_tcc/install/tcc/share/tcc/simulation/models/r2d2/model.sdf
/home/lucas/ws_tcc/install/tcc/share/tcc/simulation/models/simple_room/model.config
/home/lucas/ws_tcc/install/tcc/share/tcc/simulation/models/simple_room/model.sdf
/home/lucas/ws_tcc/install/tcc/share/tcc/simulation/models/wood_square/model.config
/home/lucas/ws_tcc/install/tcc/share/tcc/simulation/models/wood_square/model.sdf
/home/lucas/ws_tcc/install/tcc/share/tcc/simulation/models/box/model.config
/home/lucas/ws_tcc/install/tcc/share/tcc/simulation/models/box/model.sdf
/home/lucas/ws_tcc/install/tcc/share/tcc/urdf/robot.urdf
/home/lucas/ws_tcc/install/tcc/share/tcc/urdf/reserva.urdf
/home/lucas/ws_tcc/install/tcc/share/tcc/urdf/robot.urdf.xacro
/home/lucas/ws_tcc/install/tcc/share/tcc/urdf/macros/properties.urdf.xacro
/home/lucas/ws_tcc/install/tcc/share/tcc/urdf/macros/link_geometry.urdf.xacro
/home/lucas/ws_tcc/install/tcc/share/tcc/urdf/macros/parts/wheel.urdf.xacro
/home/lucas/ws_tcc/install/tcc/share/tcc/urdf/macros/parts/base.urdf.xacro
/home/lucas/ws_tcc/install/tcc/share/tcc/urdf/simulation/imu.urdf.xacro
/home/lucas/ws_tcc/install/tcc/share/tcc/urdf/simulation/gazebo_base.urdf.xacro
/home/lucas/ws_tcc/install/tcc/share/tcc/urdf/simulation/gazebo_camera.urdf.xacro
/home/lucas/ws_tcc/install/tcc/share/tcc/urdf/simulation/gazebo_laser.urdf.xacro
/home/lucas/ws_tcc/install/tcc/lib/python3.10/site-packages/tcc-0.0.0-py3.10.egg-info/zip-safe
/home/lucas/ws_tcc/install/tcc/lib/python3.10/site-packages/tcc-0.0.0-py3.10.egg-info/top_level.txt
/home/lucas/ws_tcc/install/tcc/lib/python3.10/site-packages/tcc-0.0.0-py3.10.egg-info/entry_points.txt
/home/lucas/ws_tcc/install/tcc/lib/python3.10/site-packages/tcc-0.0.0-py3.10.egg-info/dependency_links.txt
/home/lucas/ws_tcc/install/tcc/lib/python3.10/site-packages/tcc-0.0.0-py3.10.egg-info/PKG-INFO
/home/lucas/ws_tcc/install/tcc/lib/python3.10/site-packages/tcc-0.0.0-py3.10.egg-info/SOURCES.txt
/home/lucas/ws_tcc/install/tcc/lib/python3.10/site-packages/tcc-0.0.0-py3.10.egg-info/requires.txt
/home/lucas/ws_tcc/install/tcc/lib/tcc/checkpoints
/home/lucas/ws_tcc/install/tcc/lib/tcc/no_com_classe
/home/lucas/ws_tcc/install/tcc/lib/tcc/no_simples
/home/lucas/ws_tcc/install/tcc/lib/tcc/r2d2
