[1.260s] DEBUG:colcon:Command line arguments: ['/usr/bin/colcon', 'build']
[1.261s] DEBUG:colcon:Parsed command line arguments: Namespace(log_base=None, log_level=None, verb_name='build', build_base='build', install_base='install', merge_install=False, symlink_install=False, test_result_base=None, continue_on_error=False, executor='parallel', parallel_workers=3, event_handlers=None, ignore_user_meta=False, metas=['./colcon.meta'], base_paths=['.'], packages_ignore=None, packages_ignore_regex=None, paths=None, packages_up_to=None, packages_up_to_regex=None, packages_above=None, packages_above_and_dependencies=None, packages_above_depth=None, packages_select_by_dep=None, packages_skip_by_dep=None, packages_skip_up_to=None, packages_select_build_failed=False, packages_skip_build_finished=False, packages_select_test_failures=False, packages_skip_test_passed=False, packages_select=None, packages_skip=None, packages_select_regex=None, packages_skip_regex=None, packages_start=None, packages_end=None, allow_overriding=[], cmake_args=None, cmake_target=None, cmake_target_skip_unavailable=False, cmake_clean_cache=False, cmake_clean_first=False, cmake_force_configure=False, ament_cmake_args=None, catkin_cmake_args=None, catkin_skip_building_tests=False, verb_parser=<colcon_defaults.argument_parser.defaults.DefaultArgumentsDecorator object at 0x771101644160>, verb_extension=<colcon_core.verb.build.BuildVerb object at 0x771101755540>, main=<bound method BuildVerb.main of <colcon_core.verb.build.BuildVerb object at 0x771101755540>>)
[2.118s] Level 1:colcon.colcon_core.package_discovery:discover_packages(colcon_meta) check parameters
[2.118s] Level 1:colcon.colcon_core.package_discovery:discover_packages(recursive) check parameters
[2.118s] Level 1:colcon.colcon_core.package_discovery:discover_packages(ignore) check parameters
[2.118s] Level 1:colcon.colcon_core.package_discovery:discover_packages(path) check parameters
[2.119s] Level 1:colcon.colcon_core.package_discovery:discover_packages(colcon_meta) discover
[2.119s] Level 1:colcon.colcon_core.package_discovery:discover_packages(recursive) discover
[2.119s] INFO:colcon.colcon_core.package_discovery:Crawling recursively for packages in '/home/lucas/Documents/GitHub/TCC-robo-limpeza-de-linha/ws_tcc'
[2.119s] Level 1:colcon.colcon_core.package_identification:_identify(.) by extensions ['ignore', 'ignore_ament_install']
[2.119s] Level 1:colcon.colcon_core.package_identification:_identify(.) by extension 'ignore'
[2.119s] Level 1:colcon.colcon_core.package_identification:_identify(.) by extension 'ignore_ament_install'
[2.119s] Level 1:colcon.colcon_core.package_identification:_identify(.) by extensions ['colcon_pkg']
[2.119s] Level 1:colcon.colcon_core.package_identification:_identify(.) by extension 'colcon_pkg'
[2.119s] Level 1:colcon.colcon_core.package_identification:_identify(.) by extensions ['colcon_meta']
[2.119s] Level 1:colcon.colcon_core.package_identification:_identify(.) by extension 'colcon_meta'
[2.119s] Level 1:colcon.colcon_core.package_identification:_identify(.) by extensions ['ros']
[2.119s] Level 1:colcon.colcon_core.package_identification:_identify(.) by extension 'ros'
[2.154s] Level 1:colcon.colcon_core.package_identification:_identify(.) by extensions ['cmake', 'python']
[2.154s] Level 1:colcon.colcon_core.package_identification:_identify(.) by extension 'cmake'
[2.154s] Level 1:colcon.colcon_core.package_identification:_identify(.) by extension 'python'
[2.154s] Level 1:colcon.colcon_core.package_identification:_identify(.) by extensions ['python_setup_py']
[2.154s] Level 1:colcon.colcon_core.package_identification:_identify(.) by extension 'python_setup_py'
[2.154s] Level 1:colcon.colcon_core.package_identification:_identify(build) by extensions ['ignore', 'ignore_ament_install']
[2.154s] Level 1:colcon.colcon_core.package_identification:_identify(build) by extension 'ignore'
[2.154s] Level 1:colcon.colcon_core.package_identification:_identify(build) ignored
[2.155s] Level 1:colcon.colcon_core.package_identification:_identify(install) by extensions ['ignore', 'ignore_ament_install']
[2.155s] Level 1:colcon.colcon_core.package_identification:_identify(install) by extension 'ignore'
[2.155s] Level 1:colcon.colcon_core.package_identification:_identify(install) ignored
[2.155s] Level 1:colcon.colcon_core.package_identification:_identify(log) by extensions ['ignore', 'ignore_ament_install']
[2.155s] Level 1:colcon.colcon_core.package_identification:_identify(log) by extension 'ignore'
[2.155s] Level 1:colcon.colcon_core.package_identification:_identify(log) ignored
[2.155s] Level 1:colcon.colcon_core.package_identification:_identify(src) by extensions ['ignore', 'ignore_ament_install']
[2.155s] Level 1:colcon.colcon_core.package_identification:_identify(src) by extension 'ignore'
[2.155s] Level 1:colcon.colcon_core.package_identification:_identify(src) by extension 'ignore_ament_install'
[2.155s] Level 1:colcon.colcon_core.package_identification:_identify(src) by extensions ['colcon_pkg']
[2.155s] Level 1:colcon.colcon_core.package_identification:_identify(src) by extension 'colcon_pkg'
[2.155s] Level 1:colcon.colcon_core.package_identification:_identify(src) by extensions ['colcon_meta']
[2.155s] Level 1:colcon.colcon_core.package_identification:_identify(src) by extension 'colcon_meta'
[2.155s] Level 1:colcon.colcon_core.package_identification:_identify(src) by extensions ['ros']
[2.155s] Level 1:colcon.colcon_core.package_identification:_identify(src) by extension 'ros'
[2.156s] Level 1:colcon.colcon_core.package_identification:_identify(src) by extensions ['cmake', 'python']
[2.156s] Level 1:colcon.colcon_core.package_identification:_identify(src) by extension 'cmake'
[2.156s] Level 1:colcon.colcon_core.package_identification:_identify(src) by extension 'python'
[2.156s] Level 1:colcon.colcon_core.package_identification:_identify(src) by extensions ['python_setup_py']
[2.156s] Level 1:colcon.colcon_core.package_identification:_identify(src) by extension 'python_setup_py'
[2.158s] Level 1:colcon.colcon_core.package_identification:_identify(src/tcc) by extensions ['ignore', 'ignore_ament_install']
[2.159s] Level 1:colcon.colcon_core.package_identification:_identify(src/tcc) by extension 'ignore'
[2.159s] Level 1:colcon.colcon_core.package_identification:_identify(src/tcc) by extension 'ignore_ament_install'
[2.159s] Level 1:colcon.colcon_core.package_identification:_identify(src/tcc) by extensions ['colcon_pkg']
[2.159s] Level 1:colcon.colcon_core.package_identification:_identify(src/tcc) by extension 'colcon_pkg'
[2.159s] Level 1:colcon.colcon_core.package_identification:_identify(src/tcc) by extensions ['colcon_meta']
[2.159s] Level 1:colcon.colcon_core.package_identification:_identify(src/tcc) by extension 'colcon_meta'
[2.159s] Level 1:colcon.colcon_core.package_identification:_identify(src/tcc) by extensions ['ros']
[2.159s] Level 1:colcon.colcon_core.package_identification:_identify(src/tcc) by extension 'ros'
[2.168s] DEBUG:colcon.colcon_core.package_identification:Package 'src/tcc' with type 'ros.ament_python' and name 'tcc'
[2.168s] Level 1:colcon.colcon_core.package_discovery:discover_packages(recursive) using defaults
[2.168s] Level 1:colcon.colcon_core.package_discovery:discover_packages(ignore) discover
[2.168s] Level 1:colcon.colcon_core.package_discovery:discover_packages(ignore) using defaults
[2.168s] Level 1:colcon.colcon_core.package_discovery:discover_packages(path) discover
[2.168s] Level 1:colcon.colcon_core.package_discovery:discover_packages(path) using defaults
[2.275s] Level 1:colcon.colcon_core.package_discovery:discover_packages(prefix_path) check parameters
[2.275s] Level 1:colcon.colcon_core.package_discovery:discover_packages(prefix_path) discover
[2.289s] DEBUG:colcon.colcon_installed_package_information.package_discovery:Found 329 installed packages in /opt/ros/humble
[2.291s] Level 1:colcon.colcon_core.package_discovery:discover_packages(prefix_path) using defaults
[2.353s] Level 5:colcon.colcon_core.verb:set package 'tcc' build argument 'cmake_args' from command line to 'None'
[2.353s] Level 5:colcon.colcon_core.verb:set package 'tcc' build argument 'cmake_target' from command line to 'None'
[2.353s] Level 5:colcon.colcon_core.verb:set package 'tcc' build argument 'cmake_target_skip_unavailable' from command line to 'False'
[2.353s] Level 5:colcon.colcon_core.verb:set package 'tcc' build argument 'cmake_clean_cache' from command line to 'False'
[2.353s] Level 5:colcon.colcon_core.verb:set package 'tcc' build argument 'cmake_clean_first' from command line to 'False'
[2.353s] Level 5:colcon.colcon_core.verb:set package 'tcc' build argument 'cmake_force_configure' from command line to 'False'
[2.353s] Level 5:colcon.colcon_core.verb:set package 'tcc' build argument 'ament_cmake_args' from command line to 'None'
[2.353s] Level 5:colcon.colcon_core.verb:set package 'tcc' build argument 'catkin_cmake_args' from command line to 'None'
[2.353s] Level 5:colcon.colcon_core.verb:set package 'tcc' build argument 'catkin_skip_building_tests' from command line to 'False'
[2.353s] DEBUG:colcon.colcon_core.verb:Building package 'tcc' with the following arguments: {'ament_cmake_args': None, 'build_base': '/home/lucas/Documents/GitHub/TCC-robo-limpeza-de-linha/ws_tcc/build/tcc', 'catkin_cmake_args': None, 'catkin_skip_building_tests': False, 'cmake_args': None, 'cmake_clean_cache': False, 'cmake_clean_first': False, 'cmake_force_configure': False, 'cmake_target': None, 'cmake_target_skip_unavailable': False, 'install_base': '/home/lucas/Documents/GitHub/TCC-robo-limpeza-de-linha/ws_tcc/install/tcc', 'merge_install': False, 'path': '/home/lucas/Documents/GitHub/TCC-robo-limpeza-de-linha/ws_tcc/src/tcc', 'symlink_install': False, 'test_result_base': None}
[2.353s] INFO:colcon.colcon_core.executor:Executing jobs using 'parallel' executor
[2.359s] DEBUG:colcon.colcon_parallel_executor.executor.parallel:run_until_complete
[2.359s] INFO:colcon.colcon_ros.task.ament_python.build:Building ROS package in '/home/lucas/Documents/GitHub/TCC-robo-limpeza-de-linha/ws_tcc/src/tcc' with build type 'ament_python'
[2.359s] Level 1:colcon.colcon_core.shell:create_environment_hook('tcc', 'ament_prefix_path')
[2.388s] INFO:colcon.colcon_core.plugin_system:Skipping extension 'colcon_core.shell.bat': Not used on non-Windows systems
[2.388s] INFO:colcon.colcon_core.shell:Creating environment hook '/home/lucas/Documents/GitHub/TCC-robo-limpeza-de-linha/ws_tcc/install/tcc/share/tcc/hook/ament_prefix_path.ps1'
[2.396s] INFO:colcon.colcon_core.shell:Creating environment descriptor '/home/lucas/Documents/GitHub/TCC-robo-limpeza-de-linha/ws_tcc/install/tcc/share/tcc/hook/ament_prefix_path.dsv'
[2.401s] INFO:colcon.colcon_core.shell:Creating environment hook '/home/lucas/Documents/GitHub/TCC-robo-limpeza-de-linha/ws_tcc/install/tcc/share/tcc/hook/ament_prefix_path.sh'
[2.404s] INFO:colcon.colcon_core.shell:Skip shell extension 'powershell' for command environment: Not usable outside of PowerShell
[2.404s] DEBUG:colcon.colcon_core.shell:Skip shell extension 'dsv' for command environment
[2.819s] INFO:colcon.colcon_core.task.python.build:Building Python package in '/home/lucas/Documents/GitHub/TCC-robo-limpeza-de-linha/ws_tcc/src/tcc'
[2.819s] INFO:colcon.colcon_core.shell:Skip shell extension 'powershell' for command environment: Not usable outside of PowerShell
[2.820s] DEBUG:colcon.colcon_core.shell:Skip shell extension 'dsv' for command environment
[3.654s] DEBUG:colcon.colcon_core.event_handler.log_command:Invoking command in '/home/lucas/Documents/GitHub/TCC-robo-limpeza-de-linha/ws_tcc/src/tcc': PYTHONPATH=/home/lucas/Documents/GitHub/TCC-robo-limpeza-de-linha/ws_tcc/build/tcc/prefix_override:/usr/lib/python3/dist-packages/colcon_core/task/python/colcon_distutils_commands:/home/lucas/Documents/GitHub/TCC-robo-limpeza-de-linha/ws_tcc/install/tcc/lib/python3.10/site-packages:${PYTHONPATH} /usr/bin/python3 -W ignore:setup.py install is deprecated -W ignore:easy_install command is deprecated setup.py egg_info --egg-base ../../build/tcc build --build-base /home/lucas/Documents/GitHub/TCC-robo-limpeza-de-linha/ws_tcc/build/tcc/build install --record /home/lucas/Documents/GitHub/TCC-robo-limpeza-de-linha/ws_tcc/build/tcc/install.log --single-version-externally-managed install_data
[4.136s] DEBUG:colcon.colcon_core.event_handler.log_command:Invoked command in '/home/lucas/Documents/GitHub/TCC-robo-limpeza-de-linha/ws_tcc/src/tcc' returned '0': PYTHONPATH=/home/lucas/Documents/GitHub/TCC-robo-limpeza-de-linha/ws_tcc/build/tcc/prefix_override:/usr/lib/python3/dist-packages/colcon_core/task/python/colcon_distutils_commands:/home/lucas/Documents/GitHub/TCC-robo-limpeza-de-linha/ws_tcc/install/tcc/lib/python3.10/site-packages:${PYTHONPATH} /usr/bin/python3 -W ignore:setup.py install is deprecated -W ignore:easy_install command is deprecated setup.py egg_info --egg-base ../../build/tcc build --build-base /home/lucas/Documents/GitHub/TCC-robo-limpeza-de-linha/ws_tcc/build/tcc/build install --record /home/lucas/Documents/GitHub/TCC-robo-limpeza-de-linha/ws_tcc/build/tcc/install.log --single-version-externally-managed install_data
[4.157s] Level 1:colcon.colcon_core.environment:checking '/home/lucas/Documents/GitHub/TCC-robo-limpeza-de-linha/ws_tcc/install/tcc' for CMake module files
[4.158s] Level 1:colcon.colcon_core.environment:checking '/home/lucas/Documents/GitHub/TCC-robo-limpeza-de-linha/ws_tcc/install/tcc' for CMake config files
[4.162s] Level 1:colcon.colcon_core.environment:checking '/home/lucas/Documents/GitHub/TCC-robo-limpeza-de-linha/ws_tcc/install/tcc/lib'
[4.162s] Level 1:colcon.colcon_core.environment:checking '/home/lucas/Documents/GitHub/TCC-robo-limpeza-de-linha/ws_tcc/install/tcc/bin'
[4.162s] Level 1:colcon.colcon_core.environment:checking '/home/lucas/Documents/GitHub/TCC-robo-limpeza-de-linha/ws_tcc/install/tcc/lib/pkgconfig/tcc.pc'
[4.162s] Level 1:colcon.colcon_core.environment:checking '/home/lucas/Documents/GitHub/TCC-robo-limpeza-de-linha/ws_tcc/install/tcc/lib/python3.10/site-packages'
[4.162s] Level 1:colcon.colcon_core.shell:create_environment_hook('tcc', 'pythonpath')
[4.163s] INFO:colcon.colcon_core.shell:Creating environment hook '/home/lucas/Documents/GitHub/TCC-robo-limpeza-de-linha/ws_tcc/install/tcc/share/tcc/hook/pythonpath.ps1'
[4.164s] INFO:colcon.colcon_core.shell:Creating environment descriptor '/home/lucas/Documents/GitHub/TCC-robo-limpeza-de-linha/ws_tcc/install/tcc/share/tcc/hook/pythonpath.dsv'
[4.165s] INFO:colcon.colcon_core.shell:Creating environment hook '/home/lucas/Documents/GitHub/TCC-robo-limpeza-de-linha/ws_tcc/install/tcc/share/tcc/hook/pythonpath.sh'
[4.166s] Level 1:colcon.colcon_core.environment:checking '/home/lucas/Documents/GitHub/TCC-robo-limpeza-de-linha/ws_tcc/install/tcc/bin'
[4.166s] Level 1:colcon.colcon_core.environment:create_environment_scripts_only(tcc)
[4.167s] INFO:colcon.colcon_core.shell:Creating package script '/home/lucas/Documents/GitHub/TCC-robo-limpeza-de-linha/ws_tcc/install/tcc/share/tcc/package.ps1'
[4.170s] INFO:colcon.colcon_core.shell:Creating package descriptor '/home/lucas/Documents/GitHub/TCC-robo-limpeza-de-linha/ws_tcc/install/tcc/share/tcc/package.dsv'
[4.172s] INFO:colcon.colcon_core.shell:Creating package script '/home/lucas/Documents/GitHub/TCC-robo-limpeza-de-linha/ws_tcc/install/tcc/share/tcc/package.sh'
[4.175s] INFO:colcon.colcon_core.shell:Creating package script '/home/lucas/Documents/GitHub/TCC-robo-limpeza-de-linha/ws_tcc/install/tcc/share/tcc/package.bash'
[4.178s] INFO:colcon.colcon_core.shell:Creating package script '/home/lucas/Documents/GitHub/TCC-robo-limpeza-de-linha/ws_tcc/install/tcc/share/tcc/package.zsh'
[4.181s] Level 1:colcon.colcon_core.environment:create_file_with_runtime_dependencies(/home/lucas/Documents/GitHub/TCC-robo-limpeza-de-linha/ws_tcc/install/tcc/share/colcon-core/packages/tcc)
[4.185s] DEBUG:colcon.colcon_parallel_executor.executor.parallel:closing loop
[4.185s] DEBUG:colcon.colcon_parallel_executor.executor.parallel:loop closed
[4.186s] DEBUG:colcon.colcon_parallel_executor.executor.parallel:run_until_complete finished with '0'
[4.186s] DEBUG:colcon.colcon_core.event_reactor:joining thread
[4.197s] INFO:colcon.colcon_core.plugin_system:Skipping extension 'colcon_notification.desktop_notification.terminal_notifier': Not used on non-Darwin systems
[4.197s] INFO:colcon.colcon_core.plugin_system:Skipping extension 'colcon_notification.desktop_notification.win32': Not used on non-Windows systems
[4.197s] INFO:colcon.colcon_notification.desktop_notification:Sending desktop notification using 'notify2'
[4.620s] DEBUG:colcon.colcon_core.event_reactor:joined thread
[4.620s] INFO:colcon.colcon_core.shell:Creating prefix script '/home/lucas/Documents/GitHub/TCC-robo-limpeza-de-linha/ws_tcc/install/local_setup.ps1'
[4.645s] INFO:colcon.colcon_core.shell:Creating prefix util module '/home/lucas/Documents/GitHub/TCC-robo-limpeza-de-linha/ws_tcc/install/_local_setup_util_ps1.py'
[4.648s] INFO:colcon.colcon_core.shell:Creating prefix chain script '/home/lucas/Documents/GitHub/TCC-robo-limpeza-de-linha/ws_tcc/install/setup.ps1'
[4.651s] INFO:colcon.colcon_core.shell:Creating prefix script '/home/lucas/Documents/GitHub/TCC-robo-limpeza-de-linha/ws_tcc/install/local_setup.sh'
[4.653s] INFO:colcon.colcon_core.shell:Creating prefix util module '/home/lucas/Documents/GitHub/TCC-robo-limpeza-de-linha/ws_tcc/install/_local_setup_util_sh.py'
[4.655s] INFO:colcon.colcon_core.shell:Creating prefix chain script '/home/lucas/Documents/GitHub/TCC-robo-limpeza-de-linha/ws_tcc/install/setup.sh'
[4.658s] INFO:colcon.colcon_core.shell:Creating prefix script '/home/lucas/Documents/GitHub/TCC-robo-limpeza-de-linha/ws_tcc/install/local_setup.bash'
[4.663s] INFO:colcon.colcon_core.shell:Creating prefix chain script '/home/lucas/Documents/GitHub/TCC-robo-limpeza-de-linha/ws_tcc/install/setup.bash'
[4.667s] INFO:colcon.colcon_core.shell:Creating prefix script '/home/lucas/Documents/GitHub/TCC-robo-limpeza-de-linha/ws_tcc/install/local_setup.zsh'
[4.671s] INFO:colcon.colcon_core.shell:Creating prefix chain script '/home/lucas/Documents/GitHub/TCC-robo-limpeza-de-linha/ws_tcc/install/setup.zsh'
