[0.006s] Invoking command in '/home/lucas/ws_navtech/build/robot': CMAKE_PREFIX_PATH=/opt/ros/humble /usr/bin/cmake /home/lucas/ws_navtech/src/navtech/robot -DCMAKE_INSTALL_PREFIX=/home/lucas/ws_navtech/install/robot
[0.040s] -- The C compiler identification is GNU 11.4.0
[0.074s] -- The CXX compiler identification is GNU 11.4.0
[0.079s] -- Detecting C compiler ABI info
[0.122s] -- Detecting C compiler ABI info - done
[0.126s] -- Check for working C compiler: /usr/bin/cc - skipped
[0.126s] -- Detecting C compile features
[0.126s] -- Detecting C compile features - done
[0.128s] -- Detecting CXX compiler ABI info
[0.177s] -- Detecting CXX compiler ABI info - done
[0.181s] -- Check for working CXX compiler: /usr/bin/c++ - skipped
[0.182s] -- Detecting CXX compile features
[0.182s] -- Detecting CXX compile features - done
[0.184s] -- Found ament_cmake: 1.3.9 (/opt/ros/humble/share/ament_cmake/cmake)
[0.267s] -- Found Python3: /usr/bin/python3 (found version "3.10.12") found components: Interpreter 
[0.316s] -- Found gazebo_msgs: 3.7.0 (/opt/ros/humble/share/gazebo_msgs/cmake)
[0.338s] -- Found rosidl_generator_c: 3.1.5 (/opt/ros/humble/share/rosidl_generator_c/cmake)
[0.341s] -- Found rosidl_adapter: 3.1.5 (/opt/ros/humble/share/rosidl_adapter/cmake)
[0.346s] -- Found rosidl_generator_cpp: 3.1.5 (/opt/ros/humble/share/rosidl_generator_cpp/cmake)
[0.354s] -- Using all available rosidl_typesupport_c: rosidl_typesupport_fastrtps_c;rosidl_typesupport_introspection_c
[0.365s] -- Using all available rosidl_typesupport_cpp: rosidl_typesupport_fastrtps_cpp;rosidl_typesupport_introspection_cpp
[0.537s] -- Found ament_lint_auto: 0.12.11 (/opt/ros/humble/share/ament_lint_auto/cmake)
[0.575s] -- Added test 'copyright' to check source files copyright and LICENSE
[0.577s] -- Added test 'flake8' to check Python code syntax and style conventions
[0.578s] -- Added test 'lint_cmake' to check CMake code style
[0.578s] -- Added test 'pep257' to check Python code against some of the docstring style conventions in PEP 257
[0.579s] -- Added test 'xmllint' to check XML markup files
[0.580s] -- Configuring done
[0.582s] -- Generating done
[0.583s] -- Build files have been written to: /home/lucas/ws_navtech/build/robot
[0.586s] Invoked command in '/home/lucas/ws_navtech/build/robot' returned '0': CMAKE_PREFIX_PATH=/opt/ros/humble /usr/bin/cmake /home/lucas/ws_navtech/src/navtech/robot -DCMAKE_INSTALL_PREFIX=/home/lucas/ws_navtech/install/robot
[0.588s] Invoking command in '/home/lucas/ws_navtech/build/robot': CMAKE_PREFIX_PATH=/opt/ros/humble /usr/bin/cmake --build /home/lucas/ws_navtech/build/robot -- -j16 -l16
[0.610s] Invoked command in '/home/lucas/ws_navtech/build/robot' returned '0': CMAKE_PREFIX_PATH=/opt/ros/humble /usr/bin/cmake --build /home/lucas/ws_navtech/build/robot -- -j16 -l16
[0.629s] Invoking command in '/home/lucas/ws_navtech/build/robot': CMAKE_PREFIX_PATH=/opt/ros/humble /usr/bin/cmake --install /home/lucas/ws_navtech/build/robot
[0.632s] -- Install configuration: ""
[0.633s] -- Installing: /home/lucas/ws_navtech/install/robot/share/robot/config
[0.633s] -- Installing: /home/lucas/ws_navtech/install/robot/share/robot/config/params_async.yaml
[0.633s] -- Installing: /home/lucas/ws_navtech/install/robot/share/robot/config/nav2_params.yaml
[0.633s] -- Installing: /home/lucas/ws_navtech/install/robot/share/robot/description
[0.633s] -- Installing: /home/lucas/ws_navtech/install/robot/share/robot/description/sensors.xacro
[0.633s] -- Installing: /home/lucas/ws_navtech/install/robot/share/robot/description/inertial.xacro
[0.633s] -- Installing: /home/lucas/ws_navtech/install/robot/share/robot/description/core.xacro
[0.633s] -- Installing: /home/lucas/ws_navtech/install/robot/share/robot/description/control.xacro
[0.633s] -- Installing: /home/lucas/ws_navtech/install/robot/share/robot/description/robot.urdf.xacro
[0.633s] -- Installing: /home/lucas/ws_navtech/install/robot/share/robot/launch
[0.633s] -- Installing: /home/lucas/ws_navtech/install/robot/share/robot/launch/run.launch.py
[0.633s] -- Installing: /home/lucas/ws_navtech/install/robot/share/robot/launch/localization.launch.py
[0.633s] -- Installing: /home/lucas/ws_navtech/install/robot/share/robot/launch/slam.launch.py
[0.633s] -- Installing: /home/lucas/ws_navtech/install/robot/share/robot/launch/sim.launch.py
[0.633s] -- Installing: /home/lucas/ws_navtech/install/robot/share/robot/launch/navigation.launch.py
[0.634s] -- Installing: /home/lucas/ws_navtech/install/robot/share/robot/launch/robot.launch.py
[0.634s] -- Installing: /home/lucas/ws_navtech/install/robot/share/robot/worlds
[0.634s] -- Installing: /home/lucas/ws_navtech/install/robot/share/robot/worlds/simulation
[0.634s] -- Installing: /home/lucas/ws_navtech/install/robot/share/robot/worlds/simulation/model.sdf
[0.634s] -- Installing: /home/lucas/ws_navtech/install/robot/share/robot/worlds/simulation/model.config
[0.634s] -- Installing: /home/lucas/ws_navtech/install/robot/share/robot/worlds/simulation.world
[0.634s] -- Installing: /home/lucas/ws_navtech/install/robot/share/robot/worlds/obstacles.world
[0.634s] -- Installing: /home/lucas/ws_navtech/install/robot/share/robot/meshes
[0.634s] -- Installing: /home/lucas/ws_navtech/install/robot/share/robot/meshes/roda.dae
[0.634s] -- Installing: /home/lucas/ws_navtech/install/robot/share/robot/meshes/base.dae
[0.635s] -- Installing: /home/lucas/ws_navtech/install/robot/share/robot/rviz
[0.635s] -- Installing: /home/lucas/ws_navtech/install/robot/share/robot/rviz/nav.rviz
[0.635s] -- Installing: /home/lucas/ws_navtech/install/robot/share/robot/rviz/slam.rviz
[0.635s] -- Installing: /home/lucas/ws_navtech/install/robot/share/robot/rviz/tf.rviz
[0.635s] -- Installing: /home/lucas/ws_navtech/install/robot/share/robot/maps
[0.635s] -- Installing: /home/lucas/ws_navtech/install/robot/share/robot/maps/map_serial.data
[0.635s] -- Installing: /home/lucas/ws_navtech/install/robot/share/robot/maps/map.pgm
[0.635s] -- Installing: /home/lucas/ws_navtech/install/robot/share/robot/maps/map_serial.posegraph
[0.642s] -- Installing: /home/lucas/ws_navtech/install/robot/share/robot/maps/map.yaml
[0.642s] -- Installing: /home/lucas/ws_navtech/install/robot/share/ament_index/resource_index/package_run_dependencies/robot
[0.642s] -- Installing: /home/lucas/ws_navtech/install/robot/share/ament_index/resource_index/parent_prefix_path/robot
[0.642s] -- Installing: /home/lucas/ws_navtech/install/robot/share/robot/environment/ament_prefix_path.sh
[0.642s] -- Installing: /home/lucas/ws_navtech/install/robot/share/robot/environment/ament_prefix_path.dsv
[0.642s] -- Installing: /home/lucas/ws_navtech/install/robot/share/robot/environment/path.sh
[0.642s] -- Installing: /home/lucas/ws_navtech/install/robot/share/robot/environment/path.dsv
[0.642s] -- Installing: /home/lucas/ws_navtech/install/robot/share/robot/local_setup.bash
[0.642s] -- Installing: /home/lucas/ws_navtech/install/robot/share/robot/local_setup.sh
[0.642s] -- Installing: /home/lucas/ws_navtech/install/robot/share/robot/local_setup.zsh
[0.643s] -- Installing: /home/lucas/ws_navtech/install/robot/share/robot/local_setup.dsv
[0.643s] -- Installing: /home/lucas/ws_navtech/install/robot/share/robot/package.dsv
[0.643s] -- Installing: /home/lucas/ws_navtech/install/robot/share/ament_index/resource_index/packages/robot
[0.643s] -- Installing: /home/lucas/ws_navtech/install/robot/share/robot/cmake/robotConfig.cmake
[0.643s] -- Installing: /home/lucas/ws_navtech/install/robot/share/robot/cmake/robotConfig-version.cmake
[0.643s] -- Installing: /home/lucas/ws_navtech/install/robot/share/robot/package.xml
[0.644s] Invoked command in '/home/lucas/ws_navtech/build/robot' returned '0': CMAKE_PREFIX_PATH=/opt/ros/humble /usr/bin/cmake --install /home/lucas/ws_navtech/build/robot
