[1.179s] Invoking command in '/home/lucas/Documents/GitHub/TCC-robo-limpeza-de-linha/ws_tcc/src/tcc': PYTHONPATH=/home/lucas/Documents/GitHub/TCC-robo-limpeza-de-linha/ws_tcc/build/tcc/prefix_override:/usr/lib/python3/dist-packages/colcon_core/task/python/colcon_distutils_commands:/home/lucas/Documents/GitHub/TCC-robo-limpeza-de-linha/ws_tcc/install/tcc/lib/python3.10/site-packages:${PYTHONPATH} /usr/bin/python3 -W ignore:setup.py install is deprecated -W ignore:easy_install command is deprecated setup.py egg_info --egg-base ../../build/tcc build --build-base /home/lucas/Documents/GitHub/TCC-robo-limpeza-de-linha/ws_tcc/build/tcc/build install --record /home/lucas/Documents/GitHub/TCC-robo-limpeza-de-linha/ws_tcc/build/tcc/install.log --single-version-externally-managed install_data
[1.558s] running egg_info
[1.560s] writing ../../build/tcc/tcc.egg-info/PKG-INFO
[1.561s] writing dependency_links to ../../build/tcc/tcc.egg-info/dependency_links.txt
[1.562s] writing entry points to ../../build/tcc/tcc.egg-info/entry_points.txt
[1.562s] writing requirements to ../../build/tcc/tcc.egg-info/requires.txt
[1.564s] writing top-level names to ../../build/tcc/tcc.egg-info/top_level.txt
[1.569s] reading manifest file '../../build/tcc/tcc.egg-info/SOURCES.txt'
[1.572s] writing manifest file '../../build/tcc/tcc.egg-info/SOURCES.txt'
[1.576s] running build
[1.576s] running build_py
[1.576s] copying tcc/checkpoints_horizontal.py -> /home/lucas/Documents/GitHub/TCC-robo-limpeza-de-linha/ws_tcc/build/tcc/build/lib/tcc
[1.576s] running install
[1.576s] running install_lib
[1.576s] copying /home/lucas/Documents/GitHub/TCC-robo-limpeza-de-linha/ws_tcc/build/tcc/build/lib/tcc/checkpoints_horizontal.py -> /home/lucas/Documents/GitHub/TCC-robo-limpeza-de-linha/ws_tcc/install/tcc/lib/python3.10/site-packages/tcc
[1.577s] byte-compiling /home/lucas/Documents/GitHub/TCC-robo-limpeza-de-linha/ws_tcc/install/tcc/lib/python3.10/site-packages/tcc/checkpoints_horizontal.py to checkpoints_horizontal.cpython-310.pyc
[1.579s] running install_data
[1.581s] running install_egg_info
[1.584s] removing '/home/lucas/Documents/GitHub/TCC-robo-limpeza-de-linha/ws_tcc/install/tcc/lib/python3.10/site-packages/tcc-0.0.0-py3.10.egg-info' (and everything under it)
[1.585s] Copying ../../build/tcc/tcc.egg-info to /home/lucas/Documents/GitHub/TCC-robo-limpeza-de-linha/ws_tcc/install/tcc/lib/python3.10/site-packages/tcc-0.0.0-py3.10.egg-info
[1.594s] running install_scripts
[1.618s] Installing checkpoints_horizontal script to /home/lucas/Documents/GitHub/TCC-robo-limpeza-de-linha/ws_tcc/install/tcc/lib/tcc
[1.620s] Installing checkpoints_vertical script to /home/lucas/Documents/GitHub/TCC-robo-limpeza-de-linha/ws_tcc/install/tcc/lib/tcc
[1.628s] Installing set_initial_pose script to /home/lucas/Documents/GitHub/TCC-robo-limpeza-de-linha/ws_tcc/install/tcc/lib/tcc
[1.631s] writing list of installed files to '/home/lucas/Documents/GitHub/TCC-robo-limpeza-de-linha/ws_tcc/build/tcc/install.log'
[1.717s] Invoked command in '/home/lucas/Documents/GitHub/TCC-robo-limpeza-de-linha/ws_tcc/src/tcc' returned '0': PYTHONPATH=/home/lucas/Documents/GitHub/TCC-robo-limpeza-de-linha/ws_tcc/build/tcc/prefix_override:/usr/lib/python3/dist-packages/colcon_core/task/python/colcon_distutils_commands:/home/lucas/Documents/GitHub/TCC-robo-limpeza-de-linha/ws_tcc/install/tcc/lib/python3.10/site-packages:${PYTHONPATH} /usr/bin/python3 -W ignore:setup.py install is deprecated -W ignore:easy_install command is deprecated setup.py egg_info --egg-base ../../build/tcc build --build-base /home/lucas/Documents/GitHub/TCC-robo-limpeza-de-linha/ws_tcc/build/tcc/build install --record /home/lucas/Documents/GitHub/TCC-robo-limpeza-de-linha/ws_tcc/build/tcc/install.log --single-version-externally-managed install_data
